=== RUN   Test2
12:10:45.028340 [0] listening at [::]:54717
12:10:45.029410 [1] listening at [::]:54718
12:10:45.030488 [2] listening at [::]:54719
12:10:45.031879 [3] listening at [::]:54720
12:10:45.032410 [4] listening at [::]:54721
12:10:45.050944 AT NODE 3: Election timer started: 5.172s, with term=0
12:10:45.050944 AT NODE 4: Election timer started: 4.385s, with term=0
12:10:45.050944 AT NODE 0: Election timer started: 4.9s, with term=0
12:10:45.050944 AT NODE 1: Election timer started: 5.152s, with term=0
12:10:45.050944 AT NODE 2: Election timer started: 5.97s, with term=0
12:10:49.457266 AT NODE 4: became Candidate with term=1;
12:10:49.457773 AT NODE 4: Election timer started: 4.774s, with term=1
12:10:49.457773 AT NODE 4: sending RequestVote to 1: {Term:1 CandidateId:4 LastLogIndex:-1 LastLogTerm:-1 Latency:398}
12:10:49.457773 AT NODE 4: sending RequestVote to 0: {Term:1 CandidateId:4 LastLogIndex:-1 LastLogTerm:-1 Latency:107}
12:10:49.457773 AT NODE 4: sending RequestVote to 3: {Term:1 CandidateId:4 LastLogIndex:-1 LastLogTerm:-1 Latency:60}
12:10:49.457773 AT NODE 4: sending RequestVote to 2: {Term:1 CandidateId:4 LastLogIndex:-1 LastLogTerm:-1 Latency:321}
12:10:49.550340 AT NODE 3: Received Vote Request from NODE 4; Args: {Term:1 CandidateId:4 LastLogIndex:-1 LastLogTerm:-1 Latency:60} [currentTerm=0, votedFor=-1, log index/term=(-1, -1)]
12:10:49.550340 AT NODE 3: became Follower with term=1; log=[]
12:10:49.550852 AT NODE 3: Sending Request Vote Reply: &{Term:1 VoteGranted:true}
12:10:49.550852 AT NODE 3: Election timer started: 3.362s, with term=1
12:10:49.550852 AT NODE 4: received RequestVoteReply from 3: {Term:1 VoteGranted:true}
12:10:49.597519 AT NODE 0: Received Vote Request from NODE 4; Args: {Term:1 CandidateId:4 LastLogIndex:-1 LastLogTerm:-1 Latency:107} [currentTerm=0, votedFor=-1, log index/term=(-1, -1)]
12:10:49.597519 AT NODE 0: became Follower with term=1; log=[]
12:10:49.597519 AT NODE 0: Sending Request Vote Reply: &{Term:1 VoteGranted:true}
12:10:49.597519 AT NODE 0: Election timer started: 3.097s, with term=1
12:10:49.598466 AT NODE 4: received RequestVoteReply from 0: {Term:1 VoteGranted:true}
12:10:49.598466 AT NODE 4: wins election with 3 votes
12:10:49.598466 AT NODE 4: became Leader; term=1, nextIndex=map[0:0 1:0 2:0 3:0], matchIndex=map[0:-1 1:-1 2:-1 3:-1]; log=[]
12:10:49.613034 AT NODE 4: ReceiveClientCommand received by Leader: Set X = 5
12:10:49.613034 AT NODE 4: Log=[{Set X = 5 1}]
12:10:49.613034 AT NODE 4: ReceiveClientCommand received by Leader: Set X = 1000
12:10:49.613034 AT NODE 4: Log=[{Set X = 5 1} {Set X = 1000 1}]
12:10:49.659834 AT NODE 2: became Follower with term=1; log=[]
12:10:49.659834 AT NODE 2: Election timer started: 4.171s, with term=1
12:10:49.814851 AT NODE 2: Received Vote Request from NODE 4; Args: {Term:1 CandidateId:4 LastLogIndex:-1 LastLogTerm:-1 Latency:321} [currentTerm=1, votedFor=-1, log index/term=(-1, -1)]
12:10:49.814851 AT NODE 2: Sending Request Vote Reply: &{Term:1 VoteGranted:true}
12:10:49.814851 AT NODE 4: received RequestVoteReply from 2: {Term:1 VoteGranted:true}
12:10:49.814851 AT NODE 4: State changed from Candidate to Leader
12:10:49.846221 AT NODE 1: became Follower with term=1; log=[]
12:10:49.846221 AT NODE 1: Election timer started: 3.528s, with term=1
12:10:49.891849 AT NODE 1: Received Vote Request from NODE 4; Args: {Term:1 CandidateId:4 LastLogIndex:-1 LastLogTerm:-1 Latency:398} [currentTerm=1, votedFor=-1, log index/term=(-1, -1)]
12:10:49.891849 AT NODE 1: Sending Request Vote Reply: &{Term:1 VoteGranted:true}
12:10:49.892369 AT NODE 4: received RequestVoteReply from 1: {Term:1 VoteGranted:true}
12:10:49.892369 AT NODE 4: State changed from Candidate to Leader
12:10:50.607976 AT NODE 4: sending AppendEntries to 0: currentPeer_nextIndex=0, args={Term:1 LeaderId:4 PrevLogIndex:-1 PrevLogTerm:-1 Entries:[{Command:Set X = 5 Term:1} {Command:Set X = 1000 Term:1}] LeaderCommit:-1 Latency:322}
12:10:50.608510 AT NODE 4: sending AppendEntries to 3: currentPeer_nextIndex=0, args={Term:1 LeaderId:4 PrevLogIndex:-1 PrevLogTerm:-1 Entries:[{Command:Set X = 5 Term:1} {Command:Set X = 1000 Term:1}] LeaderCommit:-1 Latency:435}
12:10:50.607976 AT NODE 4: sending AppendEntries to 1: currentPeer_nextIndex=0, args={Term:1 LeaderId:4 PrevLogIndex:-1 PrevLogTerm:-1 Entries:[{Command:Set X = 5 Term:1} {Command:Set X = 1000 Term:1}] LeaderCommit:-1 Latency:269}
12:10:50.608510 AT NODE 4: sending AppendEntries to 2: currentPeer_nextIndex=0, args={Term:1 LeaderId:4 PrevLogIndex:-1 PrevLogTerm:-1 Entries:[{Command:Set X = 5 Term:1} {Command:Set X = 1000 Term:1}] LeaderCommit:-1 Latency:336}
12:10:50.902158 AT NODE 1: Received AppendEntries from NODE 4; args: {Term:1 LeaderId:4 PrevLogIndex:-1 PrevLogTerm:-1 Entries:[{Command:Set X = 5 Term:1} {Command:Set X = 1000 Term:1}] LeaderCommit:-1 Latency:269}
12:10:50.902158 AT NODE 1: Log is now: [{Set X = 5 1} {Set X = 1000 1}]
12:10:50.902158 AT NODE 1: Sending AppendEntries reply: {Term:1 Success:true}
12:10:50.902670 AT NODE 4: AppendEntries reply from NODE 1 success: nextIndex := map[0:0 1:2 2:0 3:0], matchIndex := map[0:-1 1:1 2:-1 3:-1]
12:10:50.963544 AT NODE 0: Received AppendEntries from NODE 4; args: {Term:1 LeaderId:4 PrevLogIndex:-1 PrevLogTerm:-1 Entries:[{Command:Set X = 5 Term:1} {Command:Set X = 1000 Term:1}] LeaderCommit:-1 Latency:322}
12:10:50.963544 AT NODE 0: Log is now: [{Set X = 5 1} {Set X = 1000 1}]
12:10:50.963544 AT NODE 0: Sending AppendEntries reply: {Term:1 Success:true}
12:10:50.963544 AT NODE 4: AppendEntries reply from NODE 0 success: nextIndex := map[0:2 1:2 2:0 3:0], matchIndex := map[0:1 1:1 2:-1 3:-1]
12:10:50.963544 AT NODE 4: leader sets commitIndex := 1
12:10:50.978891 AT NODE 2: Received AppendEntries from NODE 4; args: {Term:1 LeaderId:4 PrevLogIndex:-1 PrevLogTerm:-1 Entries:[{Command:Set X = 5 Term:1} {Command:Set X = 1000 Term:1}] LeaderCommit:-1 Latency:336}
12:10:50.978891 AT NODE 2: Log is now: [{Set X = 5 1} {Set X = 1000 1}]
12:10:50.978891 AT NODE 2: Sending AppendEntries reply: {Term:1 Success:true}
12:10:50.978891 AT NODE 4: AppendEntries reply from NODE 2 success: nextIndex := map[0:2 1:2 2:2 3:0], matchIndex := map[0:1 1:1 2:1 3:-1]
12:10:51.072009 AT NODE 3: Received AppendEntries from NODE 4; args: {Term:1 LeaderId:4 PrevLogIndex:-1 PrevLogTerm:-1 Entries:[{Command:Set X = 5 Term:1} {Command:Set X = 1000 Term:1}] LeaderCommit:-1 Latency:435}
12:10:51.072009 AT NODE 3: Log is now: [{Set X = 5 1} {Set X = 1000 1}]
12:10:51.072009 AT NODE 3: Sending AppendEntries reply: {Term:1 Success:true}
12:10:51.072558 AT NODE 4: AppendEntries reply from NODE 3 success: nextIndex := map[0:2 1:2 2:2 3:2], matchIndex := map[0:1 1:1 2:1 3:1]
12:10:52.626985 [ACTION] Disconnecting 4
12:10:56.198314 AT NODE 0: became Candidate with term=2;
12:10:56.198314 AT NODE 0: Election timer started: 3.51s, with term=2
12:10:56.198314 AT NODE 0: sending RequestVote to 1: {Term:2 CandidateId:0 LastLogIndex:1 LastLogTerm:1 Latency:388}
12:10:56.198314 AT NODE 0: sending RequestVote to 2: {Term:2 CandidateId:0 LastLogIndex:1 LastLogTerm:1 Latency:328}
12:10:56.198314 AT NODE 0: sending RequestVote to 4: {Term:2 CandidateId:0 LastLogIndex:1 LastLogTerm:1 Latency:217}
12:10:56.198314 AT NODE 0: sending RequestVote to 3: {Term:2 CandidateId:0 LastLogIndex:1 LastLogTerm:1 Latency:54}
12:10:56.277257 AT NODE 3: Received Vote Request from NODE 0; Args: {Term:2 CandidateId:0 LastLogIndex:1 LastLogTerm:1 Latency:54} [currentTerm=1, votedFor=4, log index/term=(1, 1)]
12:10:56.277257 AT NODE 3: became Follower with term=2; log=[{Set X = 5 1} {Set X = 1000 1}]
12:10:56.277257 AT NODE 3: Sending Request Vote Reply: &{Term:2 VoteGranted:true}
12:10:56.277257 AT NODE 3: Election timer started: 5.177s, with term=2
12:10:56.278261 AT NODE 0: received RequestVoteReply from 3: {Term:2 VoteGranted:true}
12:10:56.554609 AT NODE 2: Received Vote Request from NODE 0; Args: {Term:2 CandidateId:0 LastLogIndex:1 LastLogTerm:1 Latency:328} [currentTerm=1, votedFor=4, log index/term=(1, 1)]
12:10:56.554609 AT NODE 2: became Follower with term=2; log=[{Set X = 5 1} {Set X = 1000 1}]
12:10:56.554609 AT NODE 2: Sending Request Vote Reply: &{Term:2 VoteGranted:true}
12:10:56.554609 AT NODE 2: Election timer started: 5.326s, with term=2
12:10:56.555507 AT NODE 0: received RequestVoteReply from 2: {Term:2 VoteGranted:true}
12:10:56.555507 AT NODE 0: wins election with 3 votes
12:10:56.555507 AT NODE 0: became Leader; term=2, nextIndex=map[1:2 2:2 3:2 4:2], matchIndex=map[1:-1 2:-1 3:-1 4:-1]; log=[{Set X = 5 1} {Set X = 1000 1}]
12:10:56.616005 AT NODE 1: Received Vote Request from NODE 0; Args: {Term:2 CandidateId:0 LastLogIndex:1 LastLogTerm:1 Latency:388} [currentTerm=1, votedFor=4, log index/term=(1, 1)]
12:10:56.616005 AT NODE 1: became Follower with term=2; log=[{Set X = 5 1} {Set X = 1000 1}]
12:10:56.616005 AT NODE 1: Sending Request Vote Reply: &{Term:2 VoteGranted:true}
12:10:56.616005 AT NODE 1: Election timer started: 5.767s, with term=2
12:10:56.616005 AT NODE 0: received RequestVoteReply from 1: {Term:2 VoteGranted:true}
12:10:56.616005 AT NODE 0: State changed from Candidate to Leader
12:10:57.189528 AT NODE 0: ReceiveClientCommand received by Leader: Set X = X+10
12:10:57.189528 AT NODE 0: Log=[{Set X = 5 1} {Set X = 1000 1} {Set X = X+10 2}]
12:10:57.189528 AT NODE 0: ReceiveClientCommand received by Leader: Set X = X+1
12:10:57.189528 AT NODE 0: Log=[{Set X = 5 1} {Set X = 1000 1} {Set X = X+10 2} {Set X = X+1 2}]
12:10:57.189528 AT NODE 0: ReceiveClientCommand received by Leader: Set Y = 5
12:10:57.189528 AT NODE 0: Log=[{Set X = 5 1} {Set X = 1000 1} {Set X = X+10 2} {Set X = X+1 2} {Set Y = 5 2}]
12:10:57.189528 AT NODE 0: ReceiveClientCommand received by Leader: Set Y = X+Y
12:10:57.189528 AT NODE 0: Log=[{Set X = 5 1} {Set X = 1000 1} {Set X = X+10 2} {Set X = X+1 2} {Set Y = 5 2} {Set Y = X+Y 2}]
12:10:57.189528 AT NODE 0: ReceiveClientCommand received by Leader: Set Y = Y+3
12:10:57.189528 AT NODE 0: Log=[{Set X = 5 1} {Set X = 1000 1} {Set X = X+10 2} {Set X = X+1 2} {Set Y = 5 2} {Set Y = X+Y 2} {Set Y = Y+3 2}]
12:10:57.189528 AT NODE 0: ReceiveClientCommand received by Leader: Set Z = -1
12:10:57.189528 AT NODE 0: Log=[{Set X = 5 1} {Set X = 1000 1} {Set X = X+10 2} {Set X = X+1 2} {Set Y = 5 2} {Set Y = X+Y 2} {Set Y = Y+3 2} {Set Z = -1 2}]
12:10:57.560505 AT NODE 0: sending AppendEntries to 3: currentPeer_nextIndex=2, args={Term:2 LeaderId:0 PrevLogIndex:1 PrevLogTerm:1 Entries:[{Command:Set X = X+10 Term:2} {Command:Set X = X+1 Term:2} {Command:Set Y = 5 Term:2} {Command:Set Y = X+Y Term:2} {Command:Set Y = Y+3 Term:2} {Command:Set Z = -1 Term:2}] LeaderCommit:1 Latency:205}
12:10:57.560505 AT NODE 0: sending AppendEntries to 2: currentPeer_nextIndex=2, args={Term:2 LeaderId:0 PrevLogIndex:1 PrevLogTerm:1 Entries:[{Command:Set X = X+10 Term:2} {Command:Set X = X+1 Term:2} {Command:Set Y = 5 Term:2} {Command:Set Y = X+Y Term:2} {Command:Set Y = Y+3 Term:2} {Command:Set Z = -1 Term:2}] LeaderCommit:1 Latency:149}
12:10:57.560505 AT NODE 0: sending AppendEntries to 4: currentPeer_nextIndex=2, args={Term:2 LeaderId:0 PrevLogIndex:1 PrevLogTerm:1 Entries:[{Command:Set X = X+10 Term:2} {Command:Set X = X+1 Term:2} {Command:Set Y = 5 Term:2} {Command:Set Y = X+Y Term:2} {Command:Set Y = Y+3 Term:2} {Command:Set Z = -1 Term:2}] LeaderCommit:1 Latency:285}
12:10:57.560505 AT NODE 0: sending AppendEntries to 1: currentPeer_nextIndex=2, args={Term:2 LeaderId:0 PrevLogIndex:1 PrevLogTerm:1 Entries:[{Command:Set X = X+10 Term:2} {Command:Set X = X+1 Term:2} {Command:Set Y = 5 Term:2} {Command:Set Y = X+Y Term:2} {Command:Set Y = Y+3 Term:2} {Command:Set Z = -1 Term:2}] LeaderCommit:1 Latency:214}
12:10:57.733137 AT NODE 2: Received AppendEntries from NODE 0; args: {Term:2 LeaderId:0 PrevLogIndex:1 PrevLogTerm:1 Entries:[{Command:Set X = X+10 Term:2} {Command:Set X = X+1 Term:2} {Command:Set Y = 5 Term:2} {Command:Set Y = X+Y Term:2} {Command:Set Y = Y+3 Term:2} {Command:Set Z = -1 Term:2}] LeaderCommit:1 Latency:149}
12:10:57.733137 AT NODE 2: Log is now: [{Set X = 5 1} {Set X = 1000 1} {Set X = X+10 2} {Set X = X+1 2} {Set Y = 5 2} {Set Y = X+Y 2} {Set Y = Y+3 2} {Set Z = -1 2}]
12:10:57.733137 AT NODE 2: Sending AppendEntries reply: {Term:2 Success:true}
12:10:57.733666 AT NODE 0: AppendEntries reply from NODE 2 success: nextIndex := map[1:2 2:8 3:2 4:2], matchIndex := map[1:1 2:7 3:1 4:-1]
12:10:57.795477 AT NODE 1: Received AppendEntries from NODE 0; args: {Term:2 LeaderId:0 PrevLogIndex:1 PrevLogTerm:1 Entries:[{Command:Set X = X+10 Term:2} {Command:Set X = X+1 Term:2} {Command:Set Y = 5 Term:2} {Command:Set Y = X+Y Term:2} {Command:Set Y = Y+3 Term:2} {Command:Set Z = -1 Term:2}] LeaderCommit:1 Latency:214}
12:10:57.795477 AT NODE 3: Received AppendEntries from NODE 0; args: {Term:2 LeaderId:0 PrevLogIndex:1 PrevLogTerm:1 Entries:[{Command:Set X = X+10 Term:2} {Command:Set X = X+1 Term:2} {Command:Set Y = 5 Term:2} {Command:Set Y = X+Y Term:2} {Command:Set Y = Y+3 Term:2} {Command:Set Z = -1 Term:2}] LeaderCommit:1 Latency:205}
12:10:57.795477 AT NODE 1: Log is now: [{Set X = 5 1} {Set X = 1000 1} {Set X = X+10 2} {Set X = X+1 2} {Set Y = 5 2} {Set Y = X+Y 2} {Set Y = Y+3 2} {Set Z = -1 2}]
12:10:57.795477 AT NODE 1: Sending AppendEntries reply: {Term:2 Success:true}
12:10:57.795477 AT NODE 3: Log is now: [{Set X = 5 1} {Set X = 1000 1} {Set X = X+10 2} {Set X = X+1 2} {Set Y = 5 2} {Set Y = X+Y 2} {Set Y = Y+3 2} {Set Z = -1 2}]
12:10:57.795477 AT NODE 3: Sending AppendEntries reply: {Term:2 Success:true}
12:10:57.796019 AT NODE 0: AppendEntries reply from NODE 3 success: nextIndex := map[1:2 2:8 3:8 4:2], matchIndex := map[1:1 2:7 3:7 4:-1]
12:10:57.796019 AT NODE 0: leader sets commitIndex := 7
12:10:57.796019 AT NODE 0: AppendEntries reply from NODE 1 success: nextIndex := map[1:8 2:8 3:8 4:2], matchIndex := map[1:7 2:7 3:7 4:-1]
12:10:58.556085 AT NODE 0: sending AppendEntries to 4: currentPeer_nextIndex=2, args={Term:2 LeaderId:0 PrevLogIndex:1 PrevLogTerm:1 Entries:[{Command:Set X = X+10 Term:2} {Command:Set X = X+1 Term:2} {Command:Set Y = 5 Term:2} {Command:Set Y = X+Y Term:2} {Command:Set Y = Y+3 Term:2} {Command:Set Z = -1 Term:2}] LeaderCommit:7 Latency:359}
12:10:59.563727 AT NODE 0: sending AppendEntries to 4: currentPeer_nextIndex=2, args={Term:2 LeaderId:0 PrevLogIndex:1 PrevLogTerm:1 Entries:[{Command:Set X = X+10 Term:2} {Command:Set X = X+1 Term:2} {Command:Set Y = 5 Term:2} {Command:Set Y = X+Y Term:2} {Command:Set Y = Y+3 Term:2} {Command:Set Z = -1 Term:2}] LeaderCommit:7 Latency:434}
12:11:00.198164 AT NODE 0: ReceiveClientCommand received by Leader: Set Z = 3
12:11:00.198164 AT NODE 0: Log=[{Set X = 5 1} {Set X = 1000 1} {Set X = X+10 2} {Set X = X+1 2} {Set Y = 5 2} {Set Y = X+Y 2} {Set Y = Y+3 2} {Set Z = -1 2} {Set Z = 3 2}]
12:11:00.570667 AT NODE 0: sending AppendEntries to 1: currentPeer_nextIndex=8, args={Term:2 LeaderId:0 PrevLogIndex:7 PrevLogTerm:2 Entries:[{Command:Set Z = 3 Term:2}] LeaderCommit:7 Latency:170}
12:11:00.570667 AT NODE 0: sending AppendEntries to 2: currentPeer_nextIndex=8, args={Term:2 LeaderId:0 PrevLogIndex:7 PrevLogTerm:2 Entries:[{Command:Set Z = 3 Term:2}] LeaderCommit:7 Latency:432}
12:11:00.570667 AT NODE 0: sending AppendEntries to 3: currentPeer_nextIndex=8, args={Term:2 LeaderId:0 PrevLogIndex:7 PrevLogTerm:2 Entries:[{Command:Set Z = 3 Term:2}] LeaderCommit:7 Latency:254}
12:11:00.570667 AT NODE 0: sending AppendEntries to 4: currentPeer_nextIndex=2, args={Term:2 LeaderId:0 PrevLogIndex:1 PrevLogTerm:1 Entries:[{Command:Set X = X+10 Term:2} {Command:Set X = X+1 Term:2} {Command:Set Y = 5 Term:2} {Command:Set Y = X+Y Term:2} {Command:Set Y = Y+3 Term:2} {Command:Set Z = -1 Term:2} {Command:Set Z = 3 Term:2}] LeaderCommit:7 Latency:306}
12:11:00.769761 AT NODE 1: Received AppendEntries from NODE 0; args: {Term:2 LeaderId:0 PrevLogIndex:7 PrevLogTerm:2 Entries:[{Command:Set Z = 3 Term:2}] LeaderCommit:7 Latency:170}
12:11:00.769761 AT NODE 1: Log is now: [{Set X = 5 1} {Set X = 1000 1} {Set X = X+10 2} {Set X = X+1 2} {Set Y = 5 2} {Set Y = X+Y 2} {Set Y = Y+3 2} {Set Z = -1 2} {Set Z = 3 2}]
12:11:00.769761 AT NODE 1: Sending AppendEntries reply: {Term:2 Success:true}
12:11:00.769761 AT NODE 0: AppendEntries reply from NODE 1 success: nextIndex := map[1:9 2:8 3:8 4:2], matchIndex := map[1:8 2:7 3:7 4:-1]
12:11:00.860972 AT NODE 3: Received AppendEntries from NODE 0; args: {Term:2 LeaderId:0 PrevLogIndex:7 PrevLogTerm:2 Entries:[{Command:Set Z = 3 Term:2}] LeaderCommit:7 Latency:254}
12:11:00.860972 AT NODE 3: Log is now: [{Set X = 5 1} {Set X = 1000 1} {Set X = X+10 2} {Set X = X+1 2} {Set Y = 5 2} {Set Y = X+Y 2} {Set Y = Y+3 2} {Set Z = -1 2} {Set Z = 3 2}]
12:11:00.860972 AT NODE 3: Sending AppendEntries reply: {Term:2 Success:true}
12:11:00.860972 AT NODE 0: AppendEntries reply from NODE 3 success: nextIndex := map[1:9 2:8 3:9 4:2], matchIndex := map[1:8 2:7 3:8 4:-1]
12:11:00.860972 AT NODE 0: leader sets commitIndex := 8
12:11:01.033065 AT NODE 2: Received AppendEntries from NODE 0; args: {Term:2 LeaderId:0 PrevLogIndex:7 PrevLogTerm:2 Entries:[{Command:Set Z = 3 Term:2}] LeaderCommit:7 Latency:432}
12:11:01.033065 AT NODE 2: Log is now: [{Set X = 5 1} {Set X = 1000 1} {Set X = X+10 2} {Set X = X+1 2} {Set Y = 5 2} {Set Y = X+Y 2} {Set Y = Y+3 2} {Set Z = -1 2} {Set Z = 3 2}]
12:11:01.033065 AT NODE 2: Sending AppendEntries reply: {Term:2 Success:true}
12:11:01.033065 AT NODE 0: AppendEntries reply from NODE 2 success: nextIndex := map[1:9 2:9 3:9 4:2], matchIndex := map[1:8 2:8 3:8 4:-1]
12:11:01.558839 AT NODE 0: sending AppendEntries to 4: currentPeer_nextIndex=2, args={Term:2 LeaderId:0 PrevLogIndex:1 PrevLogTerm:1 Entries:[{Command:Set X = X+10 Term:2} {Command:Set X = X+1 Term:2} {Command:Set Y = 5 Term:2} {Command:Set Y = X+Y Term:2} {Command:Set Y = Y+3 Term:2} {Command:Set Z = -1 Term:2} {Command:Set Z = 3 Term:2}] LeaderCommit:8 Latency:154}
12:11:02.568467 AT NODE 0: sending AppendEntries to 4: currentPeer_nextIndex=2, args={Term:2 LeaderId:0 PrevLogIndex:1 PrevLogTerm:1 Entries:[{Command:Set X = X+10 Term:2} {Command:Set X = X+1 Term:2} {Command:Set Y = 5 Term:2} {Command:Set Y = X+Y Term:2} {Command:Set Y = Y+3 Term:2} {Command:Set Z = -1 Term:2} {Command:Set Z = 3 Term:2}] LeaderCommit:8 Latency:11}
12:11:03.208117 [ACTION] Reconnecting 4
12:11:03.560974 AT NODE 0: sending AppendEntries to 4: currentPeer_nextIndex=2, args={Term:2 LeaderId:0 PrevLogIndex:1 PrevLogTerm:1 Entries:[{Command:Set X = X+10 Term:2} {Command:Set X = X+1 Term:2} {Command:Set Y = 5 Term:2} {Command:Set Y = X+Y Term:2} {Command:Set Y = Y+3 Term:2} {Command:Set Z = -1 Term:2} {Command:Set Z = 3 Term:2}] LeaderCommit:8 Latency:196}
12:11:03.608106 AT NODE 4: sending AppendEntries to 1: currentPeer_nextIndex=2, args={Term:1 LeaderId:4 PrevLogIndex:1 PrevLogTerm:1 Entries:[{Command:Set X = X-5 Term:1}] LeaderCommit:1 Latency:70}
12:11:03.608106 AT NODE 4: sending AppendEntries to 2: currentPeer_nextIndex=2, args={Term:1 LeaderId:4 PrevLogIndex:1 PrevLogTerm:1 Entries:[{Command:Set X = X-5 Term:1}] LeaderCommit:1 Latency:81}
12:11:03.608106 AT NODE 4: sending AppendEntries to 3: currentPeer_nextIndex=2, args={Term:1 LeaderId:4 PrevLogIndex:1 PrevLogTerm:1 Entries:[{Command:Set X = X-5 Term:1}] LeaderCommit:1 Latency:195}
12:11:03.608106 AT NODE 4: sending AppendEntries to 0: currentPeer_nextIndex=2, args={Term:1 LeaderId:4 PrevLogIndex:1 PrevLogTerm:1 Entries:[{Command:Set X = X-5 Term:1}] LeaderCommit:1 Latency:327}
12:11:03.716605 AT NODE 1: Received AppendEntries from NODE 4; args: {Term:1 LeaderId:4 PrevLogIndex:1 PrevLogTerm:1 Entries:[{Command:Set X = X-5 Term:1}] LeaderCommit:1 Latency:70}
12:11:03.716605 AT NODE 1: Sending AppendEntries reply: {Term:2 Success:false}
12:11:03.716605 AT NODE 4: became Follower with term=2; log=[{Set X = 5 1} {Set X = 1000 1} {Set X = X-5 1}]
12:11:03.717551 AT NODE 4: Election timer started: 5.498s, with term=2
12:11:03.732105 AT NODE 2: Received AppendEntries from NODE 4; args: {Term:1 LeaderId:4 PrevLogIndex:1 PrevLogTerm:1 Entries:[{Command:Set X = X-5 Term:1}] LeaderCommit:1 Latency:81}
12:11:03.732105 AT NODE 2: Sending AppendEntries reply: {Term:2 Success:false}
12:11:03.778814 AT NODE 4: Received AppendEntries from NODE 0; args: {Term:2 LeaderId:0 PrevLogIndex:1 PrevLogTerm:1 Entries:[{Command:Set X = X+10 Term:2} {Command:Set X = X+1 Term:2} {Command:Set Y = 5 Term:2} {Command:Set Y = X+Y Term:2} {Command:Set Y = Y+3 Term:2} {Command:Set Z = -1 Term:2} {Command:Set Z = 3 Term:2}] LeaderCommit:8 Latency:196}
12:11:03.778814 AT NODE 4: Log is now: [{Set X = 5 1} {Set X = 1000 1} {Set X = X+10 2} {Set X = X+1 2} {Set Y = 5 2} {Set Y = X+Y 2} {Set Y = Y+3 2} {Set Z = -1 2} {Set Z = 3 2}]
12:11:03.778814 AT NODE 4: Sending AppendEntries reply: {Term:2 Success:true}
12:11:03.779791 AT NODE 0: AppendEntries reply from NODE 4 success: nextIndex := map[1:9 2:9 3:9 4:9], matchIndex := map[1:8 2:8 3:8 4:8]
12:11:03.840712 AT NODE 3: Received AppendEntries from NODE 4; args: {Term:1 LeaderId:4 PrevLogIndex:1 PrevLogTerm:1 Entries:[{Command:Set X = X-5 Term:1}] LeaderCommit:1 Latency:195}
12:11:03.840712 AT NODE 3: Sending AppendEntries reply: {Term:2 Success:false}
12:11:03.979044 AT NODE 0: Received AppendEntries from NODE 4; args: {Term:1 LeaderId:4 PrevLogIndex:1 PrevLogTerm:1 Entries:[{Command:Set X = X-5 Term:1}] LeaderCommit:1 Latency:327}
12:11:03.979044 AT NODE 0: Sending AppendEntries reply: {Term:2 Success:false}
12:11:18.218710 AT NODE 0: KILLED
12:11:18.218710 AT NODE 0: applyCommitedLogEntries done
12:11:18.218710 AT NODE 1: KILLED
12:11:18.218710 AT NODE 1: applyCommitedLogEntries done
12:11:18.218710 AT NODE 2: KILLED
12:11:18.218710 AT NODE 2: applyCommitedLogEntries done
12:11:18.218710 AT NODE 3: KILLED
12:11:18.218710 AT NODE 3: applyCommitedLogEntries done
12:11:18.219712 AT NODE 4: KILLED
12:11:18.219712 AT NODE 4: applyCommitedLogEntries done
--- PASS: Test2 (33.19s)
PASS
ok  	RaftLogReplication	34.432s
